<?xml version="1.0" encoding="UTF-8"?>
<!-- Generated by org.testng.reporters.JUnitXMLReporter -->
<testsuite ignored="1" hostname="Holly-Maes-MBP.hitronhub.home" failures="0" tests="2" name="Default test" time="44.223" errors="0" timestamp="04 Feb 2020 19:51:24 GMT">
  <testcase classname="test.InitialTest" name="canFilterByFormat" time="13.702"/>
  <testcase classname="test.InitialTest" name="canFilterByFormat" time="26.305">
    <skipped/>
  </testcase> <!-- canFilterByFormat -->
  <testcase classname="test.InitialTest" name="canSearchByQuery" time="0.0">
    <ignored/>
  </testcase> <!-- canSearchByQuery -->
</testsuite> <!-- Default test -->
