<?xml version="1.0" encoding="UTF-8"?>
<testng-results ignored="1" total="3" passed="1" failed="0" skipped="1">
  <reporter-output>
  </reporter-output>
  <suite started-at="2020-02-04T19:50:39Z" name="Default suite" finished-at="2020-02-04T19:51:23Z" duration-ms="44223">
    <groups>
    </groups>
    <test started-at="2020-02-04T19:50:39Z" name="Default test" finished-at="2020-02-04T19:51:23Z" duration-ms="44223">
      <class name="test.InitialTest">
        <test-method is-config="true" signature="setUp()[pri:0, instance:test.InitialTest@6ff29830]" started-at="2020-02-04T19:50:39Z" name="setUp" finished-at="2020-02-04T19:50:42Z" duration-ms="2485" status="PASS">
          <reporter-output>
          </reporter-output>
        </test-method> <!-- setUp -->
        <test-method signature="canFilterByFormat(java.lang.String)[pri:0, instance:test.InitialTest@6ff29830]" started-at="2020-02-04T19:50:42Z" name="canFilterByFormat" data-provider="multiQuery" finished-at="2020-02-04T19:50:55Z" duration-ms="13702" status="PASS">
          <params>
            <param index="0">
              <value>
                <![CDATA[Dinosaurs]]>
              </value>
            </param>
          </params>
          <reporter-output>
          </reporter-output>
        </test-method> <!-- canFilterByFormat -->
        <test-method is-config="true" signature="tearDown()[pri:0, instance:test.InitialTest@6ff29830]" started-at="2020-02-04T19:50:55Z" name="tearDown" finished-at="2020-02-04T19:50:56Z" duration-ms="145" status="PASS">
          <reporter-output>
          </reporter-output>
        </test-method> <!-- tearDown -->
        <test-method is-config="true" signature="setUp()[pri:0, instance:test.InitialTest@6ff29830]" started-at="2020-02-04T19:50:56Z" name="setUp" finished-at="2020-02-04T19:50:57Z" duration-ms="1453" status="PASS">
          <reporter-output>
          </reporter-output>
        </test-method> <!-- setUp -->
        <test-method signature="canFilterByFormat(java.lang.String)[pri:0, instance:test.InitialTest@6ff29830]" started-at="2020-02-04T19:50:57Z" name="canFilterByFormat" data-provider="multiQuery" finished-at="2020-02-04T19:51:23Z" duration-ms="26305" status="SKIP">
          <params>
            <param index="0">
              <value>
                <![CDATA[The Big Bang Theory]]>
              </value>
            </param>
          </params>
          <exception class="org.testng.SkipException">
            <message>
              <![CDATA[Query does not have any comic books available]]>
            </message>
            <full-stacktrace>
              <![CDATA[org.testng.SkipException: Query does not have any comic books available
at page.SearchResultsPage.filterByComicBook(SearchResultsPage.java:85)
at test.InitialTest.canFilterByFormat(InitialTest.java:32)
at java.base/jdk.internal.reflect.NativeMethodAccessorImpl.invoke0(Native Method)
at java.base/jdk.internal.reflect.NativeMethodAccessorImpl.invoke(NativeMethodAccessorImpl.java:62)
at java.base/jdk.internal.reflect.DelegatingMethodAccessorImpl.invoke(DelegatingMethodAccessorImpl.java:43)
at java.base/java.lang.reflect.Method.invoke(Method.java:564)
at org.testng.internal.MethodInvocationHelper.invokeMethod(MethodInvocationHelper.java:124)
at org.testng.internal.Invoker.invokeMethod(Invoker.java:583)
at org.testng.internal.Invoker.invokeTestMethod(Invoker.java:719)
at org.testng.internal.Invoker.invokeTestMethods(Invoker.java:989)
at org.testng.internal.TestMethodWorker.invokeTestMethods(TestMethodWorker.java:125)
at org.testng.internal.TestMethodWorker.run(TestMethodWorker.java:109)
at org.testng.TestRunner.privateRun(TestRunner.java:648)
at org.testng.TestRunner.run(TestRunner.java:505)
at org.testng.SuiteRunner.runTest(SuiteRunner.java:455)
at org.testng.SuiteRunner.runSequentially(SuiteRunner.java:450)
at org.testng.SuiteRunner.privateRun(SuiteRunner.java:415)
at org.testng.SuiteRunner.run(SuiteRunner.java:364)
at org.testng.SuiteRunnerWorker.runSuite(SuiteRunnerWorker.java:52)
at org.testng.SuiteRunnerWorker.run(SuiteRunnerWorker.java:84)
at org.testng.TestNG.runSuitesSequentially(TestNG.java:1208)
at org.testng.TestNG.runSuitesLocally(TestNG.java:1137)
at org.testng.TestNG.runSuites(TestNG.java:1049)
at org.testng.TestNG.run(TestNG.java:1017)
at org.testng.remote.AbstractRemoteTestNG.run(AbstractRemoteTestNG.java:115)
at org.testng.remote.RemoteTestNG.initAndRun(RemoteTestNG.java:251)
at org.testng.remote.RemoteTestNG.main(RemoteTestNG.java:77)
]]>
            </full-stacktrace>
          </exception> <!-- org.testng.SkipException -->
          <reporter-output>
          </reporter-output>
        </test-method> <!-- canFilterByFormat -->
        <test-method is-config="true" signature="tearDown()[pri:0, instance:test.InitialTest@6ff29830]" started-at="2020-02-04T19:51:23Z" name="tearDown" finished-at="2020-02-04T19:51:23Z" duration-ms="94" status="PASS">
          <reporter-output>
          </reporter-output>
        </test-method> <!-- tearDown -->
      </class> <!-- test.InitialTest -->
    </test> <!-- Default test -->
  </suite> <!-- Default suite -->
</testng-results>
